<?xml version="1.0" encoding="UTF-8"?>
<testsuite name="sbu.cs.FindMultiplesTest" tests="6" skipped="0" failures="0" errors="0" timestamp="2023-05-04T19:59:18" hostname="DESKTOP-1NN07TT" time="0.088">
  <properties/>
  <testcase name="testOne()" classname="sbu.cs.FindMultiplesTest" time="0.041"/>
  <testcase name="testSix()" classname="sbu.cs.FindMultiplesTest" time="0.004"/>
  <testcase name="testTwo()" classname="sbu.cs.FindMultiplesTest" time="0.003"/>
  <testcase name="testThree()" classname="sbu.cs.FindMultiplesTest" time="0.004"/>
  <testcase name="testFive()" classname="sbu.cs.FindMultiplesTest" time="0.022"/>
  <testcase name="testFour()" classname="sbu.cs.FindMultiplesTest" time="0.004"/>
  <system-out><![CDATA[]]></system-out>
  <system-err><![CDATA[]]></system-err>
</testsuite>
